<?xml version="1.0" encoding="UTF-8"?>
<!-- Generated by org.testng.reporters.JUnitReportReporter -->
<testsuite hostname="MacBook-Pro-Antonenko.local" failures="0" tests="1" name="tests.GetUser" time="1.500" errors="0" timestamp="2019-10-18T21:14:35 MSK" skipped="0">
  <testcase classname="tests.GetUser" name="getUser" time="1.500"/>
</testsuite> <!-- tests.GetUser -->
